Vivado Simulator v2025.1.0
Copyright 1986-2022 Xilinx, Inc. All Rights Reserved.
Copyright 2022-2025 Advanced Micro Devices, Inc. All Rights Reserved.
Running: D:/Xilinx/2025.1/Vivado/bin/unwrapped/win64.o/xelab.exe --incr --debug typical --relax --mt 2 -L xil_defaultlib -L unisims_ver -L unimacro_ver -L secureip --snapshot tb_top_nn_behav xil_defaultlib.tb_top_nn xil_defaultlib.glbl -log elaborate.log 
Using 2 slave threads.
Starting static elaboration
Pass Through NonSizing Optimizer
Completed static elaboration
Starting simulation data flow analysis
WARNING: [XSIM 43-4099] "C:/Users/anany/Downloads/da-408/da-408/argmax.v" Line 3. Module argmax doesn't have a timescale but at least one module in design has a timescale.
WARNING: [XSIM 43-4099] "C:/Users/anany/Downloads/da-408/da-408/argmax.v" Line 3. Module argmax doesn't have a timescale but at least one module in design has a timescale.
Completed simulation data flow analysis
Time Resolution for simulation is 1ps
Compiling module xil_defaultlib.bram_loader(FILE="image.mem")
Compiling module xil_defaultlib.flatten
Compiling module xil_defaultlib.fully_connected1
Compiling module xil_defaultlib.relu
Compiling module xil_defaultlib.fully_connected2
Compiling module xil_defaultlib.argmax
Compiling module xil_defaultlib.top_nn
Compiling module xil_defaultlib.tb_top_nn
Compiling module xil_defaultlib.glbl
Built simulation snapshot tb_top_nn_behav
