Time resolution is 1 ps
weights_l1.mem loaded into fully_connected1.v
biases_l1.mem loaded into fully_connected1.v
First three values of weights_l1: 0x8, 0x1, 0x5
weights_l2.mem loaded into fully_connected2.v
biases_l2.mem loaded into fully_connected2.v
First three values of weights_l2: 0x7, 0xffff, 0x3e
[25000] Starting Flatten
[45000] Flatten: Pixel[0] = 0x909
[55000] Flatten: Pixel[1] = 0x909
[65000] Flatten: Pixel[2] = 0x505
[75000] Flatten: Pixel[3] = 0x505
[85000] Flatten: Pixel[4] = 0x505
[95000] Flatten: Pixel[5] = 0x505
[105000] Flatten: Pixel[6] = 0x505
[115000] Flatten: Pixel[7] = 0x505
[125000] Flatten: Pixel[8] = 0x505
[135000] Flatten: Pixel[9] = 0x505
[145000] Flatten: Pixel[10] = 0x505
[155000] Flatten: Pixel[11] = 0x505
[165000] Flatten: Pixel[12] = 0x505
[175000] Flatten: Pixel[13] = 0x505
[185000] Flatten: Pixel[14] = 0x505
[195000] Flatten: Pixel[15] = 0x505
[205000] Flatten: Pixel[16] = 0x505
[215000] Flatten: Pixel[17] = 0x505
[225000] Flatten: Pixel[18] = 0x505
[235000] Flatten: Pixel[19] = 0x505
[245000] Flatten: Pixel[20] = 0x505
[255000] Flatten: Pixel[21] = 0x505
[265000] Flatten: Pixel[22] = 0x505
[275000] Flatten: Pixel[23] = 0x505
[285000] Flatten: Pixel[24] = 0x505
[295000] Flatten: Pixel[25] = 0x505
[305000] Flatten: Pixel[26] = 0x505
[315000] Flatten: Pixel[27] = 0x505
[325000] Flatten: Pixel[28] = 0xc8d
[335000] Flatten: Pixel[29] = 0x485
[345000] Flatten: Pixel[30] = 0x0
[355000] Flatten: Pixel[31] = 0x0
[365000] Flatten: Pixel[32] = 0x0
[375000] Flatten: Pixel[33] = 0x0
[385000] Flatten: Pixel[34] = 0x0
[395000] Flatten: Pixel[35] = 0x0
[405000] Flatten: Pixel[36] = 0x0
[415000] Flatten: Pixel[37] = 0x0
[425000] Flatten: Pixel[38] = 0x0
[435000] Flatten: Pixel[39] = 0x0
[445000] Flatten: Pixel[40] = 0x0
[455000] Flatten: Pixel[41] = 0x0
[465000] Flatten: Pixel[42] = 0x0
[475000] Flatten: Pixel[43] = 0x0
[485000] Flatten: Pixel[44] = 0x0
[495000] Flatten: Pixel[45] = 0x0
[505000] Flatten: Pixel[46] = 0x0
[515000] Flatten: Pixel[47] = 0x0
[525000] Flatten: Pixel[48] = 0x0
[535000] Flatten: Pixel[49] = 0x0
[545000] Flatten: Pixel[50] = 0x0
[555000] Flatten: Pixel[51] = 0x0
[565000] Flatten: Pixel[52] = 0x0
[575000] Flatten: Pixel[53] = 0x0
[585000] Flatten: Pixel[54] = 0x0
[595000] Flatten: Pixel[55] = 0x0
[605000] Flatten: Pixel[56] = 0x788
[615000] Flatten: Pixel[57] = 0x505
[625000] Flatten: Pixel[58] = 0x0
[635000] Flatten: Pixel[59] = 0x0
[645000] Flatten: Pixel[60] = 0x0
[655000] Flatten: Pixel[61] = 0x0
[665000] Flatten: Pixel[62] = 0x0
[675000] Flatten: Pixel[63] = 0x0
[685000] Flatten: Pixel[64] = 0x0
[695000] Flatten: Pixel[65] = 0x0
[705000] Flatten: Pixel[66] = 0x0
[715000] Flatten: Pixel[67] = 0x0
[725000] Flatten: Pixel[68] = 0x0
[735000] Flatten: Pixel[69] = 0x0
[745000] Flatten: Pixel[70] = 0x0
[755000] Flatten: Pixel[71] = 0x0
[765000] Flatten: Pixel[72] = 0x0
[775000] Flatten: Pixel[73] = 0x0
[785000] Flatten: Pixel[74] = 0x0
[795000] Flatten: Pixel[75] = 0x0
[805000] Flatten: Pixel[76] = 0x0
[815000] Flatten: Pixel[77] = 0x0
[825000] Flatten: Pixel[78] = 0x0
[835000] Flatten: Pixel[79] = 0x0
[845000] Flatten: Pixel[80] = 0x0
[855000] Flatten: Pixel[81] = 0x0
[865000] Flatten: Pixel[82] = 0x0
[875000] Flatten: Pixel[83] = 0x0
[885000] Flatten: Pixel[84] = 0x808
[895000] Flatten: Pixel[85] = 0x505
[905000] Flatten: Pixel[86] = 0x0
[915000] Flatten: Pixel[87] = 0x0
[925000] Flatten: Pixel[88] = 0x0
[935000] Flatten: Pixel[89] = 0x0
[945000] Flatten: Pixel[90] = 0x0
[955000] Flatten: Pixel[91] = 0x0
[965000] Flatten: Pixel[92] = 0x0
[975000] Flatten: Pixel[93] = 0x0
[985000] Flatten: Pixel[94] = 0x0
[995000] Flatten: Pixel[95] = 0x0
[1005000] Flatten: Pixel[96] = 0x0
[1015000] Flatten: Pixel[97] = 0x0
[1025000] Flatten: Pixel[98] = 0x0
[1035000] Flatten: Pixel[99] = 0x0
[1045000] Flatten: Pixel[100] = 0x0
[1055000] Flatten: Pixel[101] = 0x0
[1065000] Flatten: Pixel[102] = 0x0
[1075000] Flatten: Pixel[103] = 0x0
[1085000] Flatten: Pixel[104] = 0x0
[1095000] Flatten: Pixel[105] = 0x0
[1105000] Flatten: Pixel[106] = 0x0
[1115000] Flatten: Pixel[107] = 0x0
[1125000] Flatten: Pixel[108] = 0x0
[1135000] Flatten: Pixel[109] = 0x0
[1145000] Flatten: Pixel[110] = 0x0
[1155000] Flatten: Pixel[111] = 0x0
[1165000] Flatten: Pixel[112] = 0x808
[1175000] Flatten: Pixel[113] = 0x505
[1185000] Flatten: Pixel[114] = 0x0
[1195000] Flatten: Pixel[115] = 0x0
[1205000] Flatten: Pixel[116] = 0x0
[1215000] Flatten: Pixel[117] = 0x0
[1225000] Flatten: Pixel[118] = 0x0
[1235000] Flatten: Pixel[119] = 0x0
[1245000] Flatten: Pixel[120] = 0x0
[1255000] Flatten: Pixel[121] = 0x0
[1265000] Flatten: Pixel[122] = 0x0
[1275000] Flatten: Pixel[123] = 0x0
[1285000] Flatten: Pixel[124] = 0x0
[1295000] Flatten: Pixel[125] = 0x0
[1305000] Flatten: Pixel[126] = 0x0
[1315000] Flatten: Pixel[127] = 0x0
[1325000] Flatten: Pixel[128] = 0x0
[1335000] Flatten: Pixel[129] = 0x0
[1345000] Flatten: Pixel[130] = 0x0
[1355000] Flatten: Pixel[131] = 0x0
[1365000] Flatten: Pixel[132] = 0x0
[1375000] Flatten: Pixel[133] = 0x0
[1385000] Flatten: Pixel[134] = 0x0
[1395000] Flatten: Pixel[135] = 0x0
[1405000] Flatten: Pixel[136] = 0x0
[1415000] Flatten: Pixel[137] = 0x0
[1425000] Flatten: Pixel[138] = 0x0
[1435000] Flatten: Pixel[139] = 0x0
[1445000] Flatten: Pixel[140] = 0x808
[1455000] Flatten: Pixel[141] = 0x485
[1465000] Flatten: Pixel[142] = 0x0
[1475000] Flatten: Pixel[143] = 0x0
[1485000] Flatten: Pixel[144] = 0x0
[1495000] Flatten: Pixel[145] = 0x0
[1505000] Flatten: Pixel[146] = 0x0
[1515000] Flatten: Pixel[147] = 0x0
[1525000] Flatten: Pixel[148] = 0x0
[1535000] Flatten: Pixel[149] = 0x0
[1545000] Flatten: Pixel[150] = 0x0
[1555000] Flatten: Pixel[151] = 0x0
[1565000] Flatten: Pixel[152] = 0x0
[1575000] Flatten: Pixel[153] = 0x0
[1585000] Flatten: Pixel[154] = 0x0
[1595000] Flatten: Pixel[155] = 0x0
[1605000] Flatten: Pixel[156] = 0x0
[1615000] Flatten: Pixel[157] = 0x0
[1625000] Flatten: Pixel[158] = 0x0
[1635000] Flatten: Pixel[159] = 0x0
[1645000] Flatten: Pixel[160] = 0x0
[1655000] Flatten: Pixel[161] = 0x0
[1665000] Flatten: Pixel[162] = 0x0
[1675000] Flatten: Pixel[163] = 0x0
[1685000] Flatten: Pixel[164] = 0x0
[1695000] Flatten: Pixel[165] = 0x0
[1705000] Flatten: Pixel[166] = 0x0
[1715000] Flatten: Pixel[167] = 0x0
[1725000] Flatten: Pixel[168] = 0x808
[1735000] Flatten: Pixel[169] = 0x505
[1745000] Flatten: Pixel[170] = 0x0
[1755000] Flatten: Pixel[171] = 0x0
[1765000] Flatten: Pixel[172] = 0x0
[1775000] Flatten: Pixel[173] = 0x0
[1785000] Flatten: Pixel[174] = 0x0
[1795000] Flatten: Pixel[175] = 0x202
[1805000] Flatten: Pixel[176] = 0x586
[1815000] Flatten: Pixel[177] = 0x505
[1825000] Flatten: Pixel[178] = 0x485
[1835000] Flatten: Pixel[179] = 0x182
[1845000] Flatten: Pixel[180] = 0x0
[1855000] Flatten: Pixel[181] = 0x0
[1865000] Flatten: Pixel[182] = 0x0
[1875000] Flatten: Pixel[183] = 0x0
[1885000] Flatten: Pixel[184] = 0x0
[1895000] Flatten: Pixel[185] = 0x0
[1905000] Flatten: Pixel[186] = 0x0
[1915000] Flatten: Pixel[187] = 0x0
[1925000] Flatten: Pixel[188] = 0x0
[1935000] Flatten: Pixel[189] = 0x0
[1945000] Flatten: Pixel[190] = 0x0
[1955000] Flatten: Pixel[191] = 0x0
[1965000] Flatten: Pixel[192] = 0x0
[1975000] Flatten: Pixel[193] = 0x0
[1985000] Flatten: Pixel[194] = 0x0
[1995000] Flatten: Pixel[195] = 0x0
[2005000] Flatten: Pixel[196] = 0x808
[2015000] Flatten: Pixel[197] = 0x505
[2025000] Flatten: Pixel[198] = 0x0
[2035000] Flatten: Pixel[199] = 0x0
[2045000] Flatten: Pixel[200] = 0x0
[2055000] Flatten: Pixel[201] = 0x0
[2065000] Flatten: Pixel[202] = 0x303
[2075000] Flatten: Pixel[203] = 0x2aab
[2085000] Flatten: Pixel[204] = 0x52d3
[2095000] Flatten: Pixel[205] = 0x4e4e
[2105000] Flatten: Pixel[206] = 0x4646
[2115000] Flatten: Pixel[207] = 0x2525
[2125000] Flatten: Pixel[208] = 0x1616
[2135000] Flatten: Pixel[209] = 0x889
[2145000] Flatten: Pixel[210] = 0x707
[2155000] Flatten: Pixel[211] = 0x707
[2165000] Flatten: Pixel[212] = 0x707
[2175000] Flatten: Pixel[213] = 0x707
[2185000] Flatten: Pixel[214] = 0x707
[2195000] Flatten: Pixel[215] = 0x707
[2205000] Flatten: Pixel[216] = 0x707
[2215000] Flatten: Pixel[217] = 0x586
[2225000] Flatten: Pixel[218] = 0x182
[2235000] Flatten: Pixel[219] = 0x0
[2245000] Flatten: Pixel[220] = 0x0
[2255000] Flatten: Pixel[221] = 0x0
[2265000] Flatten: Pixel[222] = 0x0
[2275000] Flatten: Pixel[223] = 0x0
[2285000] Flatten: Pixel[224] = 0x808
[2295000] Flatten: Pixel[225] = 0x505
[2305000] Flatten: Pixel[226] = 0x0
[2315000] Flatten: Pixel[227] = 0x0
[2325000] Flatten: Pixel[228] = 0x0
[2335000] Flatten: Pixel[229] = 0x0
[2345000] Flatten: Pixel[230] = 0x808
[2355000] Flatten: Pixel[231] = 0x5fe0
[2365000] Flatten: Pixel[232] = 0x7979
[2375000] Flatten: Pixel[233] = 0x7777
[2385000] Flatten: Pixel[234] = 0x77f8
[2395000] Flatten: Pixel[235] = 0x74f5
[2405000] Flatten: Pixel[236] = 0x6eef
[2415000] Flatten: Pixel[237] = 0x5edf
[2425000] Flatten: Pixel[238] = 0x5c5c
[2435000] Flatten: Pixel[239] = 0x5d5d
[2445000] Flatten: Pixel[240] = 0x5d5d
[2455000] Flatten: Pixel[241] = 0x5d5d
[2465000] Flatten: Pixel[242] = 0x5d5d
[2475000] Flatten: Pixel[243] = 0x5cdd
[2485000] Flatten: Pixel[244] = 0x5bdc
[2495000] Flatten: Pixel[245] = 0x4b4b
[2505000] Flatten: Pixel[246] = 0x199a
[2515000] Flatten: Pixel[247] = 0x81
[2525000] Flatten: Pixel[248] = 0x0
[2535000] Flatten: Pixel[249] = 0x0
[2545000] Flatten: Pixel[250] = 0x0
[2555000] Flatten: Pixel[251] = 0x0
[2565000] Flatten: Pixel[252] = 0x808
[2575000] Flatten: Pixel[253] = 0x505
[2585000] Flatten: Pixel[254] = 0x0
[2595000] Flatten: Pixel[255] = 0x0
[2605000] Flatten: Pixel[256] = 0x0
[2615000] Flatten: Pixel[257] = 0x0
[2625000] Flatten: Pixel[258] = 0x384
[2635000] Flatten: Pixel[259] = 0x27a8
[2645000] Flatten: Pixel[260] = 0x3abb
[2655000] Flatten: Pixel[261] = 0x2f2f
[2665000] Flatten: Pixel[262] = 0x3dbe
[2675000] Flatten: Pixel[263] = 0x5353
[2685000] Flatten: Pixel[264] = 0x6ced
[2695000] Flatten: Pixel[265] = 0x75f6
[2705000] Flatten: Pixel[266] = 0x6ced
[2715000] Flatten: Pixel[267] = 0x7676
[2725000] Flatten: Pixel[268] = 0x77f8
[2735000] Flatten: Pixel[269] = 0x77f8
[2745000] Flatten: Pixel[270] = 0x74f5
[2755000] Flatten: Pixel[271] = 0x6e6e
[2765000] Flatten: Pixel[272] = 0x7cfd
[2775000] Flatten: Pixel[273] = 0x76f7
[2785000] Flatten: Pixel[274] = 0x3b3b
[2795000] Flatten: Pixel[275] = 0x202
[2805000] Flatten: Pixel[276] = 0x0
[2815000] Flatten: Pixel[277] = 0x0
[2825000] Flatten: Pixel[278] = 0x0
[2835000] Flatten: Pixel[279] = 0x0
[2845000] Flatten: Pixel[280] = 0x808
[2855000] Flatten: Pixel[281] = 0x485
[2865000] Flatten: Pixel[282] = 0x0
[2875000] Flatten: Pixel[283] = 0x0
[2885000] Flatten: Pixel[284] = 0x0
[2895000] Flatten: Pixel[285] = 0x0
[2905000] Flatten: Pixel[286] = 0x0
[2915000] Flatten: Pixel[287] = 0x283
[2925000] Flatten: Pixel[288] = 0x485
[2935000] Flatten: Pixel[289] = 0x303
[2945000] Flatten: Pixel[290] = 0x505
[2955000] Flatten: Pixel[291] = 0x889
[2965000] Flatten: Pixel[292] = 0x1414
[2975000] Flatten: Pixel[293] = 0x2525
[2985000] Flatten: Pixel[294] = 0x1596
[2995000] Flatten: Pixel[295] = 0x27a8
[3005000] Flatten: Pixel[296] = 0x2a2a
[3015000] Flatten: Pixel[297] = 0x29aa
[3025000] Flatten: Pixel[298] = 0x2323
[3035000] Flatten: Pixel[299] = 0x21a2
[3045000] Flatten: Pixel[300] = 0x7575
[3055000] Flatten: Pixel[301] = 0x77f8
[3065000] Flatten: Pixel[302] = 0x32b3
[3075000] Flatten: Pixel[303] = 0x182
[3085000] Flatten: Pixel[304] = 0x0
[3095000] Flatten: Pixel[305] = 0x0
[3105000] Flatten: Pixel[306] = 0x0
[3115000] Flatten: Pixel[307] = 0x0
[3125000] Flatten: Pixel[308] = 0x808
[3135000] Flatten: Pixel[309] = 0x505
[3145000] Flatten: Pixel[310] = 0x0
[3155000] Flatten: Pixel[311] = 0x0
[3165000] Flatten: Pixel[312] = 0x0
[3175000] Flatten: Pixel[313] = 0x0
[3185000] Flatten: Pixel[314] = 0x0
[3195000] Flatten: Pixel[315] = 0x0
[3205000] Flatten: Pixel[316] = 0x0
[3215000] Flatten: Pixel[317] = 0x0
[3225000] Flatten: Pixel[318] = 0x0
[3235000] Flatten: Pixel[319] = 0x0
[3245000] Flatten: Pixel[320] = 0x0
[3255000] Flatten: Pixel[321] = 0x202
[3265000] Flatten: Pixel[322] = 0x0
[3275000] Flatten: Pixel[323] = 0x283
[3285000] Flatten: Pixel[324] = 0x303
[3295000] Flatten: Pixel[325] = 0x283
[3305000] Flatten: Pixel[326] = 0x586
[3315000] Flatten: Pixel[327] = 0x3131
[3325000] Flatten: Pixel[328] = 0x78f9
[3335000] Flatten: Pixel[329] = 0x5f5f
[3345000] Flatten: Pixel[330] = 0x1010
[3355000] Flatten: Pixel[331] = 0x0
[3365000] Flatten: Pixel[332] = 0x0
[3375000] Flatten: Pixel[333] = 0x0
[3385000] Flatten: Pixel[334] = 0x0
[3395000] Flatten: Pixel[335] = 0x0
[3405000] Flatten: Pixel[336] = 0x808
[3415000] Flatten: Pixel[337] = 0x505
[3425000] Flatten: Pixel[338] = 0x0
[3435000] Flatten: Pixel[339] = 0x0
[3445000] Flatten: Pixel[340] = 0x0
[3455000] Flatten: Pixel[341] = 0x0
[3465000] Flatten: Pixel[342] = 0x0
[3475000] Flatten: Pixel[343] = 0x0
[3485000] Flatten: Pixel[344] = 0x0
[3495000] Flatten: Pixel[345] = 0x0
[3505000] Flatten: Pixel[346] = 0x0
[3515000] Flatten: Pixel[347] = 0x0
[3525000] Flatten: Pixel[348] = 0x0
[3535000] Flatten: Pixel[349] = 0x0
[3545000] Flatten: Pixel[350] = 0x0
[3555000] Flatten: Pixel[351] = 0x0
[3565000] Flatten: Pixel[352] = 0x0
[3575000] Flatten: Pixel[353] = 0x0
[3585000] Flatten: Pixel[354] = 0x1515
[3595000] Flatten: Pixel[355] = 0x6c6c
[3605000] Flatten: Pixel[356] = 0x7676
[3615000] Flatten: Pixel[357] = 0x2cad
[3625000] Flatten: Pixel[358] = 0x202
[3635000] Flatten: Pixel[359] = 0x0
[3645000] Flatten: Pixel[360] = 0x0
[3655000] Flatten: Pixel[361] = 0x0
[3665000] Flatten: Pixel[362] = 0x0
[3675000] Flatten: Pixel[363] = 0x0
[3685000] Flatten: Pixel[364] = 0x808
[3695000] Flatten: Pixel[365] = 0x505
[3705000] Flatten: Pixel[366] = 0x0
[3715000] Flatten: Pixel[367] = 0x0
[3725000] Flatten: Pixel[368] = 0x0
[3735000] Flatten: Pixel[369] = 0x0
[3745000] Flatten: Pixel[370] = 0x0
[3755000] Flatten: Pixel[371] = 0x0
[3765000] Flatten: Pixel[372] = 0x0
[3775000] Flatten: Pixel[373] = 0x0
[3785000] Flatten: Pixel[374] = 0x0
[3795000] Flatten: Pixel[375] = 0x0
[3805000] Flatten: Pixel[376] = 0x0
[3815000] Flatten: Pixel[377] = 0x0
[3825000] Flatten: Pixel[378] = 0x0
[3835000] Flatten: Pixel[379] = 0x0
[3845000] Flatten: Pixel[380] = 0x0
[3855000] Flatten: Pixel[381] = 0x808
[3865000] Flatten: Pixel[382] = 0x4343
[3875000] Flatten: Pixel[383] = 0x7cfd
[3885000] Flatten: Pixel[384] = 0x6969
[3895000] Flatten: Pixel[385] = 0x1717
[3905000] Flatten: Pixel[386] = 0x81
[3915000] Flatten: Pixel[387] = 0x0
[3925000] Flatten: Pixel[388] = 0x0
[3935000] Flatten: Pixel[389] = 0x0
[3945000] Flatten: Pixel[390] = 0x0
[3955000] Flatten: Pixel[391] = 0x0
[3965000] Flatten: Pixel[392] = 0x808
[3975000] Flatten: Pixel[393] = 0x505
[3985000] Flatten: Pixel[394] = 0x0
[3995000] Flatten: Pixel[395] = 0x0
[4005000] Flatten: Pixel[396] = 0x0
[4015000] Flatten: Pixel[397] = 0x0
[4025000] Flatten: Pixel[398] = 0x0
[4035000] Flatten: Pixel[399] = 0x0
[4045000] Flatten: Pixel[400] = 0x0
[4055000] Flatten: Pixel[401] = 0x0
[4065000] Flatten: Pixel[402] = 0x0
[4075000] Flatten: Pixel[403] = 0x0
[4085000] Flatten: Pixel[404] = 0x0
[4095000] Flatten: Pixel[405] = 0x0
[4105000] Flatten: Pixel[406] = 0x0
[4115000] Flatten: Pixel[407] = 0x0
[4125000] Flatten: Pixel[408] = 0x202
[4135000] Flatten: Pixel[409] = 0x2525
[4145000] Flatten: Pixel[410] = 0x75f6
[4155000] Flatten: Pixel[411] = 0x74f5
[4165000] Flatten: Pixel[412] = 0x2626
[4175000] Flatten: Pixel[413] = 0x283
[4185000] Flatten: Pixel[414] = 0x0
[4195000] Flatten: Pixel[415] = 0x0
[4205000] Flatten: Pixel[416] = 0x0
[4215000] Flatten: Pixel[417] = 0x0
[4225000] Flatten: Pixel[418] = 0x0
[4235000] Flatten: Pixel[419] = 0x0
[4245000] Flatten: Pixel[420] = 0x808
[4255000] Flatten: Pixel[421] = 0x485
[4265000] Flatten: Pixel[422] = 0x0
[4275000] Flatten: Pixel[423] = 0x0
[4285000] Flatten: Pixel[424] = 0x0
[4295000] Flatten: Pixel[425] = 0x0
[4305000] Flatten: Pixel[426] = 0x0
[4315000] Flatten: Pixel[427] = 0x0
[4325000] Flatten: Pixel[428] = 0x0
[4335000] Flatten: Pixel[429] = 0x0
[4345000] Flatten: Pixel[430] = 0x0
[4355000] Flatten: Pixel[431] = 0x0
[4365000] Flatten: Pixel[432] = 0x0
[4375000] Flatten: Pixel[433] = 0x0
[4385000] Flatten: Pixel[434] = 0x0
[4395000] Flatten: Pixel[435] = 0x0
[4405000] Flatten: Pixel[436] = 0x586
[4415000] Flatten: Pixel[437] = 0x44c5
[4425000] Flatten: Pixel[438] = 0x7b7b
[4435000] Flatten: Pixel[439] = 0x5656
[4445000] Flatten: Pixel[440] = 0x889
[4455000] Flatten: Pixel[441] = 0x0
[4465000] Flatten: Pixel[442] = 0x0
[4475000] Flatten: Pixel[443] = 0x0
[4485000] Flatten: Pixel[444] = 0x0
[4495000] Flatten: Pixel[445] = 0x0
[4505000] Flatten: Pixel[446] = 0x0
[4515000] Flatten: Pixel[447] = 0x0
[4525000] Flatten: Pixel[448] = 0x808
[4535000] Flatten: Pixel[449] = 0x505
[4545000] Flatten: Pixel[450] = 0x0
[4555000] Flatten: Pixel[451] = 0x0
[4565000] Flatten: Pixel[452] = 0x0
[4575000] Flatten: Pixel[453] = 0x0
[4585000] Flatten: Pixel[454] = 0x0
[4595000] Flatten: Pixel[455] = 0x0
[4605000] Flatten: Pixel[456] = 0x0
[4615000] Flatten: Pixel[457] = 0x0
[4625000] Flatten: Pixel[458] = 0x0
[4635000] Flatten: Pixel[459] = 0x0
[4645000] Flatten: Pixel[460] = 0x0
[4655000] Flatten: Pixel[461] = 0x0
[4665000] Flatten: Pixel[462] = 0x0
[4675000] Flatten: Pixel[463] = 0x0
[4685000] Flatten: Pixel[464] = 0x1091
[4695000] Flatten: Pixel[465] = 0x63e4
[4705000] Flatten: Pixel[466] = 0x73f4
[4715000] Flatten: Pixel[467] = 0x2525
[4725000] Flatten: Pixel[468] = 0x101
[4735000] Flatten: Pixel[469] = 0x0
[4745000] Flatten: Pixel[470] = 0x0
[4755000] Flatten: Pixel[471] = 0x0
[4765000] Flatten: Pixel[472] = 0x0
[4775000] Flatten: Pixel[473] = 0x0
[4785000] Flatten: Pixel[474] = 0x0
[4795000] Flatten: Pixel[475] = 0x0
[4805000] Flatten: Pixel[476] = 0x808
[4815000] Flatten: Pixel[477] = 0x505
[4825000] Flatten: Pixel[478] = 0x0
[4835000] Flatten: Pixel[479] = 0x0
[4845000] Flatten: Pixel[480] = 0x0
[4855000] Flatten: Pixel[481] = 0x0
[4865000] Flatten: Pixel[482] = 0x0
[4875000] Flatten: Pixel[483] = 0x0
[4885000] Flatten: Pixel[484] = 0x0
[4895000] Flatten: Pixel[485] = 0x0
[4905000] Flatten: Pixel[486] = 0x0
[4915000] Flatten: Pixel[487] = 0x0
[4925000] Flatten: Pixel[488] = 0x0
[4935000] Flatten: Pixel[489] = 0x0
[4945000] Flatten: Pixel[490] = 0x0
[4955000] Flatten: Pixel[491] = 0x788
[4965000] Flatten: Pixel[492] = 0x4141
[4975000] Flatten: Pixel[493] = 0x7777
[4985000] Flatten: Pixel[494] = 0x55d6
[4995000] Flatten: Pixel[495] = 0x808
[5005000] Flatten: Pixel[496] = 0x0
[5015000] Flatten: Pixel[497] = 0x0
[5025000] Flatten: Pixel[498] = 0x0
[5035000] Flatten: Pixel[499] = 0x0
[5045000] Flatten: Pixel[500] = 0x0
[5055000] Flatten: Pixel[501] = 0x0
[5065000] Flatten: Pixel[502] = 0x0
[5075000] Flatten: Pixel[503] = 0x0
[5085000] Flatten: Pixel[504] = 0x808
[5095000] Flatten: Pixel[505] = 0x505
[5105000] Flatten: Pixel[506] = 0x0
[5115000] Flatten: Pixel[507] = 0x0
[5125000] Flatten: Pixel[508] = 0x0
[5135000] Flatten: Pixel[509] = 0x0
[5145000] Flatten: Pixel[510] = 0x0
[5155000] Flatten: Pixel[511] = 0x0
[5165000] Flatten: Pixel[512] = 0x0
[5175000] Flatten: Pixel[513] = 0x0
[5185000] Flatten: Pixel[514] = 0x0
[5195000] Flatten: Pixel[515] = 0x0
[5205000] Flatten: Pixel[516] = 0x0
[5215000] Flatten: Pixel[517] = 0x0
[5225000] Flatten: Pixel[518] = 0x283
[5235000] Flatten: Pixel[519] = 0x2d2d
[5245000] Flatten: Pixel[520] = 0x7575
[5255000] Flatten: Pixel[521] = 0x6ff0
[5265000] Flatten: Pixel[522] = 0x2424
[5275000] Flatten: Pixel[523] = 0x182
[5285000] Flatten: Pixel[524] = 0x0
[5295000] Flatten: Pixel[525] = 0x0
[5305000] Flatten: Pixel[526] = 0x0
[5315000] Flatten: Pixel[527] = 0x0
[5325000] Flatten: Pixel[528] = 0x0
[5335000] Flatten: Pixel[529] = 0x0
[5345000] Flatten: Pixel[530] = 0x0
[5355000] Flatten: Pixel[531] = 0x0
[5365000] Flatten: Pixel[532] = 0x808
[5375000] Flatten: Pixel[533] = 0x505
[5385000] Flatten: Pixel[534] = 0x0
[5395000] Flatten: Pixel[535] = 0x0
[5405000] Flatten: Pixel[536] = 0x0
[5415000] Flatten: Pixel[537] = 0x0
[5425000] Flatten: Pixel[538] = 0x0
[5435000] Flatten: Pixel[539] = 0x0
[5445000] Flatten: Pixel[540] = 0x0
[5455000] Flatten: Pixel[541] = 0x0
[5465000] Flatten: Pixel[542] = 0x0
[5475000] Flatten: Pixel[543] = 0x0
[5485000] Flatten: Pixel[544] = 0x0
[5495000] Flatten: Pixel[545] = 0x81
[5505000] Flatten: Pixel[546] = 0x1495
[5515000] Flatten: Pixel[547] = 0x65e6
[5525000] Flatten: Pixel[548] = 0x7c7c
[5535000] Flatten: Pixel[549] = 0x4fd0
[5545000] Flatten: Pixel[550] = 0x707
[5555000] Flatten: Pixel[551] = 0x0
[5565000] Flatten: Pixel[552] = 0x0
[5575000] Flatten: Pixel[553] = 0x0
[5585000] Flatten: Pixel[554] = 0x0
[5595000] Flatten: Pixel[555] = 0x0
[5605000] Flatten: Pixel[556] = 0x0
[5615000] Flatten: Pixel[557] = 0x0
[5625000] Flatten: Pixel[558] = 0x0
[5635000] Flatten: Pixel[559] = 0x0
[5645000] Flatten: Pixel[560] = 0x808
[5655000] Flatten: Pixel[561] = 0x485
[5665000] Flatten: Pixel[562] = 0x0
[5675000] Flatten: Pixel[563] = 0x0
[5685000] Flatten: Pixel[564] = 0x0
[5695000] Flatten: Pixel[565] = 0x0
[5705000] Flatten: Pixel[566] = 0x0
[5715000] Flatten: Pixel[567] = 0x0
[5725000] Flatten: Pixel[568] = 0x0
[5735000] Flatten: Pixel[569] = 0x0
[5745000] Flatten: Pixel[570] = 0x0
[5755000] Flatten: Pixel[571] = 0x0
[5765000] Flatten: Pixel[572] = 0x0
[5775000] Flatten: Pixel[573] = 0xa0a
[5785000] Flatten: Pixel[574] = 0x5bdc
[5795000] Flatten: Pixel[575] = 0x7cfd
[5805000] Flatten: Pixel[576] = 0x66e7
[5815000] Flatten: Pixel[577] = 0x1b9c
[5825000] Flatten: Pixel[578] = 0x0
[5835000] Flatten: Pixel[579] = 0x0
[5845000] Flatten: Pixel[580] = 0x0
[5855000] Flatten: Pixel[581] = 0x0
[5865000] Flatten: Pixel[582] = 0x0
[5875000] Flatten: Pixel[583] = 0x0
[5885000] Flatten: Pixel[584] = 0x0
[5895000] Flatten: Pixel[585] = 0x0
[5905000] Flatten: Pixel[586] = 0x0
[5915000] Flatten: Pixel[587] = 0x0
[5925000] Flatten: Pixel[588] = 0x808
[5935000] Flatten: Pixel[589] = 0x505
[5945000] Flatten: Pixel[590] = 0x0
[5955000] Flatten: Pixel[591] = 0x0
[5965000] Flatten: Pixel[592] = 0x0
[5975000] Flatten: Pixel[593] = 0x0
[5985000] Flatten: Pixel[594] = 0x0
[5995000] Flatten: Pixel[595] = 0x0
[6005000] Flatten: Pixel[596] = 0x0
[6015000] Flatten: Pixel[597] = 0x0
[6025000] Flatten: Pixel[598] = 0x0
[6035000] Flatten: Pixel[599] = 0x0
[6045000] Flatten: Pixel[600] = 0x182
[6055000] Flatten: Pixel[601] = 0x1f1f
[6065000] Flatten: Pixel[602] = 0x78f9
[6075000] Flatten: Pixel[603] = 0x7474
[6085000] Flatten: Pixel[604] = 0x2cad
[6095000] Flatten: Pixel[605] = 0x384
[6105000] Flatten: Pixel[606] = 0x0
[6115000] Flatten: Pixel[607] = 0x0
[6125000] Flatten: Pixel[608] = 0x0
[6135000] Flatten: Pixel[609] = 0x0
[6145000] Flatten: Pixel[610] = 0x0
[6155000] Flatten: Pixel[611] = 0x0
[6165000] Flatten: Pixel[612] = 0x0
[6175000] Flatten: Pixel[613] = 0x0
[6185000] Flatten: Pixel[614] = 0x0
[6195000] Flatten: Pixel[615] = 0x0
[6205000] Flatten: Pixel[616] = 0x808
[6215000] Flatten: Pixel[617] = 0x505
[6225000] Flatten: Pixel[618] = 0x0
[6235000] Flatten: Pixel[619] = 0x0
[6245000] Flatten: Pixel[620] = 0x0
[6255000] Flatten: Pixel[621] = 0x0
[6265000] Flatten: Pixel[622] = 0x0
[6275000] Flatten: Pixel[623] = 0x0
[6285000] Flatten: Pixel[624] = 0x0
[6295000] Flatten: Pixel[625] = 0x0
[6305000] Flatten: Pixel[626] = 0x0
[6315000] Flatten: Pixel[627] = 0x0
[6325000] Flatten: Pixel[628] = 0x1616
[6335000] Flatten: Pixel[629] = 0x65e6
[6345000] Flatten: Pixel[630] = 0x7a7a
[6355000] Flatten: Pixel[631] = 0x3d3d
[6365000] Flatten: Pixel[632] = 0x586
[6375000] Flatten: Pixel[633] = 0x0
[6385000] Flatten: Pixel[634] = 0x0
[6395000] Flatten: Pixel[635] = 0x0
[6405000] Flatten: Pixel[636] = 0x0
[6415000] Flatten: Pixel[637] = 0x0
[6425000] Flatten: Pixel[638] = 0x0
[6435000] Flatten: Pixel[639] = 0x0
[6445000] Flatten: Pixel[640] = 0x0
[6455000] Flatten: Pixel[641] = 0x0
[6465000] Flatten: Pixel[642] = 0x0
[6475000] Flatten: Pixel[643] = 0x0
[6485000] Flatten: Pixel[644] = 0x808
[6495000] Flatten: Pixel[645] = 0x505
[6505000] Flatten: Pixel[646] = 0x0
[6515000] Flatten: Pixel[647] = 0x0
[6525000] Flatten: Pixel[648] = 0x0
[6535000] Flatten: Pixel[649] = 0x0
[6545000] Flatten: Pixel[650] = 0x0
[6555000] Flatten: Pixel[651] = 0x0
[6565000] Flatten: Pixel[652] = 0x0
[6575000] Flatten: Pixel[653] = 0x0
[6585000] Flatten: Pixel[654] = 0x0
[6595000] Flatten: Pixel[655] = 0x606
[6605000] Flatten: Pixel[656] = 0x4141
[6615000] Flatten: Pixel[657] = 0x7c7c
[6625000] Flatten: Pixel[658] = 0x77f8
[6635000] Flatten: Pixel[659] = 0x2121
[6645000] Flatten: Pixel[660] = 0x0
[6655000] Flatten: Pixel[661] = 0x0
[6665000] Flatten: Pixel[662] = 0x0
[6675000] Flatten: Pixel[663] = 0x0
[6685000] Flatten: Pixel[664] = 0x0
[6695000] Flatten: Pixel[665] = 0x0
[6705000] Flatten: Pixel[666] = 0x0
[6715000] Flatten: Pixel[667] = 0x0
[6725000] Flatten: Pixel[668] = 0x0
[6735000] Flatten: Pixel[669] = 0x0
[6745000] Flatten: Pixel[670] = 0x0
[6755000] Flatten: Pixel[671] = 0x0
[6765000] Flatten: Pixel[672] = 0x808
[6775000] Flatten: Pixel[673] = 0x505
[6785000] Flatten: Pixel[674] = 0x0
[6795000] Flatten: Pixel[675] = 0x0
[6805000] Flatten: Pixel[676] = 0x0
[6815000] Flatten: Pixel[677] = 0x0
[6825000] Flatten: Pixel[678] = 0x0
[6835000] Flatten: Pixel[679] = 0x0
[6845000] Flatten: Pixel[680] = 0x0
[6855000] Flatten: Pixel[681] = 0x0
[6865000] Flatten: Pixel[682] = 0x182
[6875000] Flatten: Pixel[683] = 0x21a2
[6885000] Flatten: Pixel[684] = 0x6f6f
[6895000] Flatten: Pixel[685] = 0x7ffd
[6905000] Flatten: Pixel[686] = 0x76f7
[6915000] Flatten: Pixel[687] = 0x1e9f
[6925000] Flatten: Pixel[688] = 0x81
[6935000] Flatten: Pixel[689] = 0x0
[6945000] Flatten: Pixel[690] = 0x0
[6955000] Flatten: Pixel[691] = 0x0
[6965000] Flatten: Pixel[692] = 0x0
[6975000] Flatten: Pixel[693] = 0x0
[6985000] Flatten: Pixel[694] = 0x0
[6995000] Flatten: Pixel[695] = 0x0
[7005000] Flatten: Pixel[696] = 0x0
[7015000] Flatten: Pixel[697] = 0x0
[7025000] Flatten: Pixel[698] = 0x0
[7035000] Flatten: Pixel[699] = 0x0
[7045000] Flatten: Pixel[700] = 0x808
[7055000] Flatten: Pixel[701] = 0x485
[7065000] Flatten: Pixel[702] = 0x0
[7075000] Flatten: Pixel[703] = 0x0
[7085000] Flatten: Pixel[704] = 0x0
[7095000] Flatten: Pixel[705] = 0x0
[7105000] Flatten: Pixel[706] = 0x0
[7115000] Flatten: Pixel[707] = 0x0
[7125000] Flatten: Pixel[708] = 0x0
[7135000] Flatten: Pixel[709] = 0x0
[7145000] Flatten: Pixel[710] = 0x404
[7155000] Flatten: Pixel[711] = 0x3b3b
[7165000] Flatten: Pixel[712] = 0x7b7b
[7175000] Flatten: Pixel[713] = 0x7eff
[7185000] Flatten: Pixel[714] = 0x6464
[7195000] Flatten: Pixel[715] = 0x1818
[7205000] Flatten: Pixel[716] = 0x0
[7215000] Flatten: Pixel[717] = 0x0
[7225000] Flatten: Pixel[718] = 0x0
[7235000] Flatten: Pixel[719] = 0x0
[7245000] Flatten: Pixel[720] = 0x0
[7255000] Flatten: Pixel[721] = 0x0
[7265000] Flatten: Pixel[722] = 0x0
[7275000] Flatten: Pixel[723] = 0x0
[7285000] Flatten: Pixel[724] = 0x0
[7295000] Flatten: Pixel[725] = 0x0
[7305000] Flatten: Pixel[726] = 0x0
[7315000] Flatten: Pixel[727] = 0x0
[7325000] Flatten: Pixel[728] = 0x808
[7335000] Flatten: Pixel[729] = 0x505
[7345000] Flatten: Pixel[730] = 0x0
[7355000] Flatten: Pixel[731] = 0x0
[7365000] Flatten: Pixel[732] = 0x0
[7375000] Flatten: Pixel[733] = 0x0
[7385000] Flatten: Pixel[734] = 0x0
[7395000] Flatten: Pixel[735] = 0x0
[7405000] Flatten: Pixel[736] = 0x0
[7415000] Flatten: Pixel[737] = 0x0
[7425000] Flatten: Pixel[738] = 0x485
[7435000] Flatten: Pixel[739] = 0x3abb
[7445000] Flatten: Pixel[740] = 0x72f3
[7455000] Flatten: Pixel[741] = 0x5edf
[7465000] Flatten: Pixel[742] = 0x1616
[7475000] Flatten: Pixel[743] = 0x283
[7485000] Flatten: Pixel[744] = 0x0
[7495000] Flatten: Pixel[745] = 0x0
[7505000] Flatten: Pixel[746] = 0x0
[7515000] Flatten: Pixel[747] = 0x0
[7525000] Flatten: Pixel[748] = 0x0
[7535000] Flatten: Pixel[749] = 0x0
[7545000] Flatten: Pixel[750] = 0x0
[7555000] Flatten: Pixel[751] = 0x0
[7565000] Flatten: Pixel[752] = 0x0
[7575000] Flatten: Pixel[753] = 0x0
[7585000] Flatten: Pixel[754] = 0x0
[7595000] Flatten: Pixel[755] = 0x0
[7605000] Flatten: Pixel[756] = 0x808
[7615000] Flatten: Pixel[757] = 0x505
[7625000] Flatten: Pixel[758] = 0x0
[7635000] Flatten: Pixel[759] = 0x0
[7645000] Flatten: Pixel[760] = 0x0
[7655000] Flatten: Pixel[761] = 0x0
[7665000] Flatten: Pixel[762] = 0x0
[7675000] Flatten: Pixel[763] = 0x0
[7685000] Flatten: Pixel[764] = 0x0
[7695000] Flatten: Pixel[765] = 0x0
[7705000] Flatten: Pixel[766] = 0x81
[7715000] Flatten: Pixel[767] = 0x889
[7725000] Flatten: Pixel[768] = 0x1111
[7735000] Flatten: Pixel[769] = 0xd0d
[7745000] Flatten: Pixel[770] = 0x81
[7755000] Flatten: Pixel[771] = 0x0
[7765000] Flatten: Pixel[772] = 0x0
[7775000] Flatten: Pixel[773] = 0x0
[7785000] Flatten: Pixel[774] = 0x0
[7795000] Flatten: Pixel[775] = 0x0
[7805000] Flatten: Pixel[776] = 0x0
[7815000] Flatten: Pixel[777] = 0x0
[7825000] Flatten: Pixel[778] = 0x0
[7835000] Flatten: Pixel[779] = 0x0
[7845000] Flatten: Pixel[780] = 0x0
[7855000] Flatten: Pixel[781] = 0x0
[7865000] Flatten: Pixel[782] = 0x0
[7875000] Flatten: Pixel[783] = 0x0 (last pixel) -> DONE asserted
[7885000] Flatten done, starting FC1
[7895000] Flatten: Pixel[0] = 0x808
[7905000] Flatten: Pixel[1] = 0x909
[7915000] Flatten: Pixel[2] = 0x505
[7925000] Flatten: Pixel[3] = 0x505
[7935000] Flatten: Pixel[4] = 0x505
[7945000] Flatten: Pixel[5] = 0x505
[7955000] Flatten: Pixel[6] = 0x505
[7965000] Flatten: Pixel[7] = 0x505
[7975000] Flatten: Pixel[8] = 0x505
[7985000] Flatten: Pixel[9] = 0x505
[7995000] Flatten: Pixel[10] = 0x505
[8005000] Flatten: Pixel[11] = 0x505
[8015000] Flatten: Pixel[12] = 0x505
[8025000] Flatten: Pixel[13] = 0x505
[8035000] Flatten: Pixel[14] = 0x505
[8045000] Flatten: Pixel[15] = 0x505
[8055000] Flatten: Pixel[16] = 0x505
[8065000] Flatten: Pixel[17] = 0x505
[8075000] Flatten: Pixel[18] = 0x505
[8085000] Flatten: Pixel[19] = 0x505
[8095000] Flatten: Pixel[20] = 0x505
[8105000] Flatten: Pixel[21] = 0x505
[8115000] Flatten: Pixel[22] = 0x505
[8125000] Flatten: Pixel[23] = 0x505
[8135000] Flatten: Pixel[24] = 0x505
[8145000] Flatten: Pixel[25] = 0x505
[8155000] Flatten: Pixel[26] = 0x505
[8165000] Flatten: Pixel[27] = 0x505
[8175000] Flatten: Pixel[28] = 0xc8d
[8185000] Flatten: Pixel[29] = 0x485
[8195000] Flatten: Pixel[30] = 0x0
[8205000] Flatten: Pixel[31] = 0x0
[8215000] Flatten: Pixel[32] = 0x0
[8225000] Flatten: Pixel[33] = 0x0
[8235000] Flatten: Pixel[34] = 0x0
[8245000] Flatten: Pixel[35] = 0x0
[8255000] Flatten: Pixel[36] = 0x0
[8265000] Flatten: Pixel[37] = 0x0
[8275000] Flatten: Pixel[38] = 0x0
[8285000] Flatten: Pixel[39] = 0x0
[8295000] Flatten: Pixel[40] = 0x0
[8305000] Flatten: Pixel[41] = 0x0
[8315000] Flatten: Pixel[42] = 0x0
[8325000] Flatten: Pixel[43] = 0x0
[8335000] Flatten: Pixel[44] = 0x0
[8345000] Flatten: Pixel[45] = 0x0
[8355000] Flatten: Pixel[46] = 0x0
[8365000] Flatten: Pixel[47] = 0x0
[8375000] Flatten: Pixel[48] = 0x0
[8385000] Flatten: Pixel[49] = 0x0
[8395000] Flatten: Pixel[50] = 0x0
[8405000] Flatten: Pixel[51] = 0x0
[8415000] Flatten: Pixel[52] = 0x0
[8425000] Flatten: Pixel[53] = 0x0
[8435000] Flatten: Pixel[54] = 0x0
[8445000] Flatten: Pixel[55] = 0x0
[8455000] Flatten: Pixel[56] = 0x788
[8465000] Flatten: Pixel[57] = 0x505
[8475000] Flatten: Pixel[58] = 0x0
[8485000] Flatten: Pixel[59] = 0x0
[8495000] Flatten: Pixel[60] = 0x0
[8505000] Flatten: Pixel[61] = 0x0
[8515000] Flatten: Pixel[62] = 0x0
[8525000] Flatten: Pixel[63] = 0x0
[8535000] Flatten: Pixel[64] = 0x0
[8545000] Flatten: Pixel[65] = 0x0
[8555000] Flatten: Pixel[66] = 0x0
[8565000] Flatten: Pixel[67] = 0x0
[8575000] Flatten: Pixel[68] = 0x0
[8585000] Flatten: Pixel[69] = 0x0
[8595000] Flatten: Pixel[70] = 0x0
[8605000] Flatten: Pixel[71] = 0x0
[8615000] Flatten: Pixel[72] = 0x0
[8625000] Flatten: Pixel[73] = 0x0
[8635000] Flatten: Pixel[74] = 0x0
[8645000] Flatten: Pixel[75] = 0x0
[8655000] Flatten: Pixel[76] = 0x0
[8665000] Flatten: Pixel[77] = 0x0
[8675000] Flatten: Pixel[78] = 0x0
[8685000] Flatten: Pixel[79] = 0x0
[8695000] Flatten: Pixel[80] = 0x0
[8705000] Flatten: Pixel[81] = 0x0
[8715000] Flatten: Pixel[82] = 0x0
[8725000] Flatten: Pixel[83] = 0x0
[8735000] Flatten: Pixel[84] = 0x808
[8745000] Flatten: Pixel[85] = 0x505
[8755000] Flatten: Pixel[86] = 0x0
[8765000] Flatten: Pixel[87] = 0x0
[8775000] Flatten: Pixel[88] = 0x0
[8785000] Flatten: Pixel[89] = 0x0
[8795000] Flatten: Pixel[90] = 0x0
[8805000] Flatten: Pixel[91] = 0x0
[8815000] Flatten: Pixel[92] = 0x0
[8825000] Flatten: Pixel[93] = 0x0
[8835000] Flatten: Pixel[94] = 0x0
[8845000] Flatten: Pixel[95] = 0x0
[8855000] Flatten: Pixel[96] = 0x0
[8865000] Flatten: Pixel[97] = 0x0
[8875000] Flatten: Pixel[98] = 0x0
[8885000] Flatten: Pixel[99] = 0x0
[8895000] Flatten: Pixel[100] = 0x0
[8905000] Flatten: Pixel[101] = 0x0
[8915000] Flatten: Pixel[102] = 0x0
[8925000] Flatten: Pixel[103] = 0x0
[8935000] Flatten: Pixel[104] = 0x0
[8945000] Flatten: Pixel[105] = 0x0
[8955000] Flatten: Pixel[106] = 0x0
[8965000] Flatten: Pixel[107] = 0x0
[8975000] Flatten: Pixel[108] = 0x0
[8985000] Flatten: Pixel[109] = 0x0
[8995000] Flatten: Pixel[110] = 0x0
[9005000] Flatten: Pixel[111] = 0x0
[9015000] Flatten: Pixel[112] = 0x808
[9025000] Flatten: Pixel[113] = 0x505
[9035000] Flatten: Pixel[114] = 0x0
[9045000] Flatten: Pixel[115] = 0x0
[9055000] Flatten: Pixel[116] = 0x0
[9065000] Flatten: Pixel[117] = 0x0
[9075000] Flatten: Pixel[118] = 0x0
[9085000] Flatten: Pixel[119] = 0x0
[9095000] Flatten: Pixel[120] = 0x0
[9105000] Flatten: Pixel[121] = 0x0
[9115000] Flatten: Pixel[122] = 0x0
[9125000] Flatten: Pixel[123] = 0x0
[9135000] Flatten: Pixel[124] = 0x0
[9145000] Flatten: Pixel[125] = 0x0
[9155000] Flatten: Pixel[126] = 0x0
[9165000] Flatten: Pixel[127] = 0x0
[9175000] Flatten: Pixel[128] = 0x0
[9185000] Flatten: Pixel[129] = 0x0
[9195000] Flatten: Pixel[130] = 0x0
[9205000] Flatten: Pixel[131] = 0x0
[9215000] Flatten: Pixel[132] = 0x0
[9225000] Flatten: Pixel[133] = 0x0
[9235000] Flatten: Pixel[134] = 0x0
[9245000] Flatten: Pixel[135] = 0x0
[9255000] Flatten: Pixel[136] = 0x0
[9265000] Flatten: Pixel[137] = 0x0
[9275000] Flatten: Pixel[138] = 0x0
[9285000] Flatten: Pixel[139] = 0x0
[9295000] Flatten: Pixel[140] = 0x808
[9305000] Flatten: Pixel[141] = 0x485
[9315000] Flatten: Pixel[142] = 0x0
[9325000] Flatten: Pixel[143] = 0x0
[9335000] Flatten: Pixel[144] = 0x0
[9345000] Flatten: Pixel[145] = 0x0
[9355000] Flatten: Pixel[146] = 0x0
[9365000] Flatten: Pixel[147] = 0x0
[9375000] Flatten: Pixel[148] = 0x0
[9385000] Flatten: Pixel[149] = 0x0
[9395000] Flatten: Pixel[150] = 0x0
[9405000] Flatten: Pixel[151] = 0x0
[9415000] Flatten: Pixel[152] = 0x0
[9425000] Flatten: Pixel[153] = 0x0
[9435000] Flatten: Pixel[154] = 0x0
[9445000] Flatten: Pixel[155] = 0x0
[9455000] Flatten: Pixel[156] = 0x0
[9465000] Flatten: Pixel[157] = 0x0
[9475000] Flatten: Pixel[158] = 0x0
[9485000] Flatten: Pixel[159] = 0x0
[9495000] Flatten: Pixel[160] = 0x0
[9505000] Flatten: Pixel[161] = 0x0
[9515000] Flatten: Pixel[162] = 0x0
[9525000] Flatten: Pixel[163] = 0x0
[9535000] Flatten: Pixel[164] = 0x0
[9545000] Flatten: Pixel[165] = 0x0
[9555000] Flatten: Pixel[166] = 0x0
[9565000] Flatten: Pixel[167] = 0x0
[9575000] Flatten: Pixel[168] = 0x808
[9585000] Flatten: Pixel[169] = 0x505
[9595000] Flatten: Pixel[170] = 0x0
[9605000] Flatten: Pixel[171] = 0x0
[9615000] Flatten: Pixel[172] = 0x0
[9625000] Flatten: Pixel[173] = 0x0
[9635000] Flatten: Pixel[174] = 0x0
[9645000] Flatten: Pixel[175] = 0x202
[9655000] Flatten: Pixel[176] = 0x586
[9665000] Flatten: Pixel[177] = 0x505
[9675000] Flatten: Pixel[178] = 0x485
[9685000] Flatten: Pixel[179] = 0x182
[9695000] Flatten: Pixel[180] = 0x0
[9705000] Flatten: Pixel[181] = 0x0
[9715000] Flatten: Pixel[182] = 0x0
[9725000] Flatten: Pixel[183] = 0x0
[9735000] Flatten: Pixel[184] = 0x0
[9745000] Flatten: Pixel[185] = 0x0
[9755000] Flatten: Pixel[186] = 0x0
[9765000] Flatten: Pixel[187] = 0x0
[9775000] Flatten: Pixel[188] = 0x0
[9785000] Flatten: Pixel[189] = 0x0
[9795000] Flatten: Pixel[190] = 0x0
[9805000] Flatten: Pixel[191] = 0x0
[9815000] Flatten: Pixel[192] = 0x0
[9825000] Flatten: Pixel[193] = 0x0
[9835000] Flatten: Pixel[194] = 0x0
[9845000] Flatten: Pixel[195] = 0x0
[9855000] Flatten: Pixel[196] = 0x808
[9865000] Flatten: Pixel[197] = 0x505
[9875000] Flatten: Pixel[198] = 0x0
[9885000] Flatten: Pixel[199] = 0x0
[9895000] Flatten: Pixel[200] = 0x0
[9905000] Flatten: Pixel[201] = 0x0
[9915000] Flatten: Pixel[202] = 0x303
[9925000] Flatten: Pixel[203] = 0x2aab
[9935000] Flatten: Pixel[204] = 0x52d3
[9945000] Flatten: Pixel[205] = 0x4e4e
[9955000] Flatten: Pixel[206] = 0x4646
[9965000] Flatten: Pixel[207] = 0x2525
[9975000] Flatten: Pixel[208] = 0x1616
[9985000] Flatten: Pixel[209] = 0x889
[9995000] Flatten: Pixel[210] = 0x707
[10005000] Flatten: Pixel[211] = 0x707
[10015000] Flatten: Pixel[212] = 0x707
[10025000] Flatten: Pixel[213] = 0x707
[10035000] Flatten: Pixel[214] = 0x707
[10045000] Flatten: Pixel[215] = 0x707
[10055000] Flatten: Pixel[216] = 0x707
[10065000] Flatten: Pixel[217] = 0x586
[10075000] Flatten: Pixel[218] = 0x182
[10085000] Flatten: Pixel[219] = 0x0
[10095000] Flatten: Pixel[220] = 0x0
[10105000] Flatten: Pixel[221] = 0x0
[10115000] Flatten: Pixel[222] = 0x0
[10125000] Flatten: Pixel[223] = 0x0
[10135000] Flatten: Pixel[224] = 0x808
[10145000] Flatten: Pixel[225] = 0x505
[10155000] Flatten: Pixel[226] = 0x0
[10165000] Flatten: Pixel[227] = 0x0
[10175000] Flatten: Pixel[228] = 0x0
[10185000] Flatten: Pixel[229] = 0x0
[10195000] Flatten: Pixel[230] = 0x808
[10205000] Flatten: Pixel[231] = 0x5fe0
[10215000] Flatten: Pixel[232] = 0x7979
[10225000] Flatten: Pixel[233] = 0x7777
[10235000] Flatten: Pixel[234] = 0x77f8
[10245000] Flatten: Pixel[235] = 0x74f5
[10255000] Flatten: Pixel[236] = 0x6eef
[10265000] Flatten: Pixel[237] = 0x5edf
[10275000] Flatten: Pixel[238] = 0x5c5c
[10285000] Flatten: Pixel[239] = 0x5d5d
[10295000] Flatten: Pixel[240] = 0x5d5d
[10305000] Flatten: Pixel[241] = 0x5d5d
[10315000] Flatten: Pixel[242] = 0x5d5d
[10325000] Flatten: Pixel[243] = 0x5cdd
[10335000] Flatten: Pixel[244] = 0x5bdc
[10345000] Flatten: Pixel[245] = 0x4b4b
[10355000] Flatten: Pixel[246] = 0x199a
[10365000] Flatten: Pixel[247] = 0x81
[10375000] Flatten: Pixel[248] = 0x0
[10385000] Flatten: Pixel[249] = 0x0
[10395000] Flatten: Pixel[250] = 0x0
[10405000] Flatten: Pixel[251] = 0x0
[10415000] Flatten: Pixel[252] = 0x808
[10425000] Flatten: Pixel[253] = 0x505
[10435000] Flatten: Pixel[254] = 0x0
[10445000] Flatten: Pixel[255] = 0x0
[10455000] Flatten: Pixel[256] = 0x0
[10465000] Flatten: Pixel[257] = 0x0
[10475000] Flatten: Pixel[258] = 0x384
[10485000] Flatten: Pixel[259] = 0x27a8
[10495000] Flatten: Pixel[260] = 0x3abb
[10505000] Flatten: Pixel[261] = 0x2f2f
[10515000] Flatten: Pixel[262] = 0x3dbe
[10525000] Flatten: Pixel[263] = 0x5353
[10535000] Flatten: Pixel[264] = 0x6ced
[10545000] Flatten: Pixel[265] = 0x75f6
[10555000] Flatten: Pixel[266] = 0x6ced
[10565000] Flatten: Pixel[267] = 0x7676
[10575000] Flatten: Pixel[268] = 0x77f8
[10585000] Flatten: Pixel[269] = 0x77f8
[10595000] Flatten: Pixel[270] = 0x74f5
[10605000] Flatten: Pixel[271] = 0x6e6e
[10615000] Flatten: Pixel[272] = 0x7cfd
[10625000] Flatten: Pixel[273] = 0x76f7
[10635000] Flatten: Pixel[274] = 0x3b3b
[10645000] Flatten: Pixel[275] = 0x202
[10655000] Flatten: Pixel[276] = 0x0
[10665000] Flatten: Pixel[277] = 0x0
[10675000] Flatten: Pixel[278] = 0x0
[10685000] Flatten: Pixel[279] = 0x0
[10695000] Flatten: Pixel[280] = 0x808
[10705000] Flatten: Pixel[281] = 0x485
[10715000] Flatten: Pixel[282] = 0x0
[10725000] Flatten: Pixel[283] = 0x0
[10735000] Flatten: Pixel[284] = 0x0
[10745000] Flatten: Pixel[285] = 0x0
[10755000] Flatten: Pixel[286] = 0x0
[10765000] Flatten: Pixel[287] = 0x283
[10775000] Flatten: Pixel[288] = 0x485
[10785000] Flatten: Pixel[289] = 0x303
[10795000] Flatten: Pixel[290] = 0x505
[10805000] Flatten: Pixel[291] = 0x889
[10815000] Flatten: Pixel[292] = 0x1414
[10825000] Flatten: Pixel[293] = 0x2525
[10835000] Flatten: Pixel[294] = 0x1596
[10845000] Flatten: Pixel[295] = 0x27a8
[10855000] Flatten: Pixel[296] = 0x2a2a
[10865000] Flatten: Pixel[297] = 0x29aa
[10875000] Flatten: Pixel[298] = 0x2323
[10885000] Flatten: Pixel[299] = 0x21a2
[10895000] Flatten: Pixel[300] = 0x7575
[10905000] Flatten: Pixel[301] = 0x77f8
[10915000] Flatten: Pixel[302] = 0x32b3
[10925000] Flatten: Pixel[303] = 0x182
[10935000] Flatten: Pixel[304] = 0x0
[10945000] Flatten: Pixel[305] = 0x0
[10955000] Flatten: Pixel[306] = 0x0
[10965000] Flatten: Pixel[307] = 0x0
[10975000] Flatten: Pixel[308] = 0x808
[10985000] Flatten: Pixel[309] = 0x505
[10995000] Flatten: Pixel[310] = 0x0
[11005000] Flatten: Pixel[311] = 0x0
[11015000] Flatten: Pixel[312] = 0x0
[11025000] Flatten: Pixel[313] = 0x0
[11035000] Flatten: Pixel[314] = 0x0
[11045000] Flatten: Pixel[315] = 0x0
[11055000] Flatten: Pixel[316] = 0x0
[11065000] Flatten: Pixel[317] = 0x0
[11075000] Flatten: Pixel[318] = 0x0
[11085000] Flatten: Pixel[319] = 0x0
[11095000] Flatten: Pixel[320] = 0x0
[11105000] Flatten: Pixel[321] = 0x202
[11115000] Flatten: Pixel[322] = 0x0
[11125000] Flatten: Pixel[323] = 0x283
[11135000] Flatten: Pixel[324] = 0x303
[11145000] Flatten: Pixel[325] = 0x283
[11155000] Flatten: Pixel[326] = 0x586
[11165000] Flatten: Pixel[327] = 0x3131
[11175000] Flatten: Pixel[328] = 0x78f9
[11185000] Flatten: Pixel[329] = 0x5f5f
[11195000] Flatten: Pixel[330] = 0x1010
[11205000] Flatten: Pixel[331] = 0x0
[11215000] Flatten: Pixel[332] = 0x0
[11225000] Flatten: Pixel[333] = 0x0
[11235000] Flatten: Pixel[334] = 0x0
[11245000] Flatten: Pixel[335] = 0x0
[11255000] Flatten: Pixel[336] = 0x808
[11265000] Flatten: Pixel[337] = 0x505
[11275000] Flatten: Pixel[338] = 0x0
[11285000] Flatten: Pixel[339] = 0x0
[11295000] Flatten: Pixel[340] = 0x0
[11305000] Flatten: Pixel[341] = 0x0
[11315000] Flatten: Pixel[342] = 0x0
[11325000] Flatten: Pixel[343] = 0x0
[11335000] Flatten: Pixel[344] = 0x0
[11345000] Flatten: Pixel[345] = 0x0
[11355000] Flatten: Pixel[346] = 0x0
[11365000] Flatten: Pixel[347] = 0x0
[11375000] Flatten: Pixel[348] = 0x0
[11385000] Flatten: Pixel[349] = 0x0
[11395000] Flatten: Pixel[350] = 0x0
[11405000] Flatten: Pixel[351] = 0x0
[11415000] Flatten: Pixel[352] = 0x0
[11425000] Flatten: Pixel[353] = 0x0
[11435000] Flatten: Pixel[354] = 0x1515
[11445000] Flatten: Pixel[355] = 0x6c6c
[11455000] Flatten: Pixel[356] = 0x7676
[11465000] Flatten: Pixel[357] = 0x2cad
[11475000] Flatten: Pixel[358] = 0x202
[11485000] Flatten: Pixel[359] = 0x0
[11495000] Flatten: Pixel[360] = 0x0
[11505000] Flatten: Pixel[361] = 0x0
[11515000] Flatten: Pixel[362] = 0x0
[11525000] Flatten: Pixel[363] = 0x0
[11535000] Flatten: Pixel[364] = 0x808
[11545000] Flatten: Pixel[365] = 0x505
[11555000] Flatten: Pixel[366] = 0x0
[11565000] Flatten: Pixel[367] = 0x0
[11575000] Flatten: Pixel[368] = 0x0
[11585000] Flatten: Pixel[369] = 0x0
[11595000] Flatten: Pixel[370] = 0x0
[11605000] Flatten: Pixel[371] = 0x0
[11615000] Flatten: Pixel[372] = 0x0
[11625000] Flatten: Pixel[373] = 0x0
[11635000] Flatten: Pixel[374] = 0x0
[11645000] Flatten: Pixel[375] = 0x0
[11655000] Flatten: Pixel[376] = 0x0
[11665000] Flatten: Pixel[377] = 0x0
[11675000] Flatten: Pixel[378] = 0x0
[11685000] Flatten: Pixel[379] = 0x0
[11695000] Flatten: Pixel[380] = 0x0
[11705000] Flatten: Pixel[381] = 0x808
[11715000] Flatten: Pixel[382] = 0x4343
[11725000] Flatten: Pixel[383] = 0x7cfd
[11735000] Flatten: Pixel[384] = 0x6969
[11745000] Flatten: Pixel[385] = 0x1717
[11755000] Flatten: Pixel[386] = 0x81
[11765000] Flatten: Pixel[387] = 0x0
[11775000] Flatten: Pixel[388] = 0x0
[11785000] Flatten: Pixel[389] = 0x0
[11795000] Flatten: Pixel[390] = 0x0
[11805000] Flatten: Pixel[391] = 0x0
[11815000] Flatten: Pixel[392] = 0x808
[11825000] Flatten: Pixel[393] = 0x505
[11835000] Flatten: Pixel[394] = 0x0
[11845000] Flatten: Pixel[395] = 0x0
[11855000] Flatten: Pixel[396] = 0x0
[11865000] Flatten: Pixel[397] = 0x0
[11875000] Flatten: Pixel[398] = 0x0
[11885000] Flatten: Pixel[399] = 0x0
[11895000] Flatten: Pixel[400] = 0x0
[11905000] Flatten: Pixel[401] = 0x0
[11915000] Flatten: Pixel[402] = 0x0
[11925000] Flatten: Pixel[403] = 0x0
[11935000] Flatten: Pixel[404] = 0x0
[11945000] Flatten: Pixel[405] = 0x0
[11955000] Flatten: Pixel[406] = 0x0
[11965000] Flatten: Pixel[407] = 0x0
[11975000] Flatten: Pixel[408] = 0x202
[11985000] Flatten: Pixel[409] = 0x2525
[11995000] Flatten: Pixel[410] = 0x75f6
[12005000] Flatten: Pixel[411] = 0x74f5
[12015000] Flatten: Pixel[412] = 0x2626
[12025000] Flatten: Pixel[413] = 0x283
[12035000] Flatten: Pixel[414] = 0x0
[12045000] Flatten: Pixel[415] = 0x0
[12055000] Flatten: Pixel[416] = 0x0
[12065000] Flatten: Pixel[417] = 0x0
[12075000] Flatten: Pixel[418] = 0x0
[12085000] Flatten: Pixel[419] = 0x0
[12095000] Flatten: Pixel[420] = 0x808
[12105000] Flatten: Pixel[421] = 0x485
[12115000] Flatten: Pixel[422] = 0x0
[12125000] Flatten: Pixel[423] = 0x0
[12135000] Flatten: Pixel[424] = 0x0
[12145000] Flatten: Pixel[425] = 0x0
[12155000] Flatten: Pixel[426] = 0x0
[12165000] Flatten: Pixel[427] = 0x0
[12175000] Flatten: Pixel[428] = 0x0
[12185000] Flatten: Pixel[429] = 0x0
[12195000] Flatten: Pixel[430] = 0x0
[12205000] Flatten: Pixel[431] = 0x0
[12215000] Flatten: Pixel[432] = 0x0
[12225000] Flatten: Pixel[433] = 0x0
[12235000] Flatten: Pixel[434] = 0x0
[12245000] Flatten: Pixel[435] = 0x0
[12255000] Flatten: Pixel[436] = 0x586
[12265000] Flatten: Pixel[437] = 0x44c5
[12275000] Flatten: Pixel[438] = 0x7b7b
[12285000] Flatten: Pixel[439] = 0x5656
[12295000] Flatten: Pixel[440] = 0x889
[12305000] Flatten: Pixel[441] = 0x0
[12315000] Flatten: Pixel[442] = 0x0
[12325000] Flatten: Pixel[443] = 0x0
[12335000] Flatten: Pixel[444] = 0x0
[12345000] Flatten: Pixel[445] = 0x0
[12355000] Flatten: Pixel[446] = 0x0
[12365000] Flatten: Pixel[447] = 0x0
[12375000] Flatten: Pixel[448] = 0x808
[12385000] Flatten: Pixel[449] = 0x505
[12395000] Flatten: Pixel[450] = 0x0
[12405000] Flatten: Pixel[451] = 0x0
[12415000] Flatten: Pixel[452] = 0x0
[12425000] Flatten: Pixel[453] = 0x0
[12435000] Flatten: Pixel[454] = 0x0
[12445000] Flatten: Pixel[455] = 0x0
[12455000] Flatten: Pixel[456] = 0x0
[12465000] Flatten: Pixel[457] = 0x0
[12475000] Flatten: Pixel[458] = 0x0
[12485000] Flatten: Pixel[459] = 0x0
[12495000] Flatten: Pixel[460] = 0x0
[12505000] Flatten: Pixel[461] = 0x0
[12515000] Flatten: Pixel[462] = 0x0
[12525000] Flatten: Pixel[463] = 0x0
[12535000] Flatten: Pixel[464] = 0x1091
[12545000] Flatten: Pixel[465] = 0x63e4
[12555000] Flatten: Pixel[466] = 0x73f4
[12565000] Flatten: Pixel[467] = 0x2525
[12575000] Flatten: Pixel[468] = 0x101
[12585000] Flatten: Pixel[469] = 0x0
[12595000] Flatten: Pixel[470] = 0x0
[12605000] Flatten: Pixel[471] = 0x0
[12615000] Flatten: Pixel[472] = 0x0
[12625000] Flatten: Pixel[473] = 0x0
[12635000] Flatten: Pixel[474] = 0x0
[12645000] Flatten: Pixel[475] = 0x0
[12655000] Flatten: Pixel[476] = 0x808
[12665000] Flatten: Pixel[477] = 0x505
[12675000] Flatten: Pixel[478] = 0x0
[12685000] Flatten: Pixel[479] = 0x0
[12695000] Flatten: Pixel[480] = 0x0
[12705000] Flatten: Pixel[481] = 0x0
[12715000] Flatten: Pixel[482] = 0x0
[12725000] Flatten: Pixel[483] = 0x0
[12735000] Flatten: Pixel[484] = 0x0
[12745000] Flatten: Pixel[485] = 0x0
[12755000] Flatten: Pixel[486] = 0x0
[12765000] Flatten: Pixel[487] = 0x0
[12775000] Flatten: Pixel[488] = 0x0
[12785000] Flatten: Pixel[489] = 0x0
[12795000] Flatten: Pixel[490] = 0x0
[12805000] Flatten: Pixel[491] = 0x788
[12815000] Flatten: Pixel[492] = 0x4141
[12825000] Flatten: Pixel[493] = 0x7777
[12835000] Flatten: Pixel[494] = 0x55d6
[12845000] Flatten: Pixel[495] = 0x808
[12855000] Flatten: Pixel[496] = 0x0
[12865000] Flatten: Pixel[497] = 0x0
[12875000] Flatten: Pixel[498] = 0x0
[12885000] Flatten: Pixel[499] = 0x0
[12895000] Flatten: Pixel[500] = 0x0
[12905000] Flatten: Pixel[501] = 0x0
[12915000] Flatten: Pixel[502] = 0x0
[12925000] Flatten: Pixel[503] = 0x0
[12935000] Flatten: Pixel[504] = 0x808
[12945000] Flatten: Pixel[505] = 0x505
[12955000] Flatten: Pixel[506] = 0x0
[12965000] Flatten: Pixel[507] = 0x0
[12975000] Flatten: Pixel[508] = 0x0
[12985000] Flatten: Pixel[509] = 0x0
[12995000] Flatten: Pixel[510] = 0x0
[13005000] Flatten: Pixel[511] = 0x0
[13015000] Flatten: Pixel[512] = 0x0
[13025000] Flatten: Pixel[513] = 0x0
[13035000] Flatten: Pixel[514] = 0x0
[13045000] Flatten: Pixel[515] = 0x0
[13055000] Flatten: Pixel[516] = 0x0
[13065000] Flatten: Pixel[517] = 0x0
[13075000] Flatten: Pixel[518] = 0x283
[13085000] Flatten: Pixel[519] = 0x2d2d
[13095000] Flatten: Pixel[520] = 0x7575
[13105000] Flatten: Pixel[521] = 0x6ff0
[13115000] Flatten: Pixel[522] = 0x2424
[13125000] Flatten: Pixel[523] = 0x182
[13135000] Flatten: Pixel[524] = 0x0
[13145000] Flatten: Pixel[525] = 0x0
[13155000] Flatten: Pixel[526] = 0x0
[13165000] Flatten: Pixel[527] = 0x0
[13175000] Flatten: Pixel[528] = 0x0
[13185000] Flatten: Pixel[529] = 0x0
[13195000] Flatten: Pixel[530] = 0x0
[13205000] Flatten: Pixel[531] = 0x0
[13215000] Flatten: Pixel[532] = 0x808
[13225000] Flatten: Pixel[533] = 0x505
[13235000] Flatten: Pixel[534] = 0x0
[13245000] Flatten: Pixel[535] = 0x0
[13255000] Flatten: Pixel[536] = 0x0
[13265000] Flatten: Pixel[537] = 0x0
[13275000] Flatten: Pixel[538] = 0x0
[13285000] Flatten: Pixel[539] = 0x0
[13295000] Flatten: Pixel[540] = 0x0
[13305000] Flatten: Pixel[541] = 0x0
[13315000] Flatten: Pixel[542] = 0x0
[13325000] Flatten: Pixel[543] = 0x0
[13335000] Flatten: Pixel[544] = 0x0
[13345000] Flatten: Pixel[545] = 0x81
[13355000] Flatten: Pixel[546] = 0x1495
[13365000] Flatten: Pixel[547] = 0x65e6
[13375000] Flatten: Pixel[548] = 0x7c7c
[13385000] Flatten: Pixel[549] = 0x4fd0
[13395000] Flatten: Pixel[550] = 0x707
[13405000] Flatten: Pixel[551] = 0x0
[13415000] Flatten: Pixel[552] = 0x0
[13425000] Flatten: Pixel[553] = 0x0
[13435000] Flatten: Pixel[554] = 0x0
[13445000] Flatten: Pixel[555] = 0x0
[13455000] Flatten: Pixel[556] = 0x0
[13465000] Flatten: Pixel[557] = 0x0
[13475000] Flatten: Pixel[558] = 0x0
[13485000] Flatten: Pixel[559] = 0x0
[13495000] Flatten: Pixel[560] = 0x808
[13505000] Flatten: Pixel[561] = 0x485
[13515000] Flatten: Pixel[562] = 0x0
[13525000] Flatten: Pixel[563] = 0x0
[13535000] Flatten: Pixel[564] = 0x0
[13545000] Flatten: Pixel[565] = 0x0
[13555000] Flatten: Pixel[566] = 0x0
[13565000] Flatten: Pixel[567] = 0x0
[13575000] Flatten: Pixel[568] = 0x0
[13585000] Flatten: Pixel[569] = 0x0
[13595000] Flatten: Pixel[570] = 0x0
[13605000] Flatten: Pixel[571] = 0x0
[13615000] Flatten: Pixel[572] = 0x0
[13625000] Flatten: Pixel[573] = 0xa0a
[13635000] Flatten: Pixel[574] = 0x5bdc
[13645000] Flatten: Pixel[575] = 0x7cfd
[13655000] Flatten: Pixel[576] = 0x66e7
[13665000] Flatten: Pixel[577] = 0x1b9c
[13675000] Flatten: Pixel[578] = 0x0
[13685000] Flatten: Pixel[579] = 0x0
[13695000] Flatten: Pixel[580] = 0x0
[13705000] Flatten: Pixel[581] = 0x0
[13715000] Flatten: Pixel[582] = 0x0
[13725000] Flatten: Pixel[583] = 0x0
[13735000] Flatten: Pixel[584] = 0x0
[13745000] Flatten: Pixel[585] = 0x0
[13755000] Flatten: Pixel[586] = 0x0
[13765000] Flatten: Pixel[587] = 0x0
[13775000] Flatten: Pixel[588] = 0x808
[13785000] Flatten: Pixel[589] = 0x505
[13795000] Flatten: Pixel[590] = 0x0
[13805000] Flatten: Pixel[591] = 0x0
[13815000] Flatten: Pixel[592] = 0x0
[13825000] Flatten: Pixel[593] = 0x0
[13835000] Flatten: Pixel[594] = 0x0
[13845000] Flatten: Pixel[595] = 0x0
[13855000] Flatten: Pixel[596] = 0x0
[13865000] Flatten: Pixel[597] = 0x0
[13875000] Flatten: Pixel[598] = 0x0
[13885000] Flatten: Pixel[599] = 0x0
[13895000] Flatten: Pixel[600] = 0x182
[13905000] Flatten: Pixel[601] = 0x1f1f
[13915000] Flatten: Pixel[602] = 0x78f9
[13925000] Flatten: Pixel[603] = 0x7474
[13935000] Flatten: Pixel[604] = 0x2cad
[13945000] Flatten: Pixel[605] = 0x384
[13955000] Flatten: Pixel[606] = 0x0
[13965000] Flatten: Pixel[607] = 0x0
[13975000] Flatten: Pixel[608] = 0x0
[13985000] Flatten: Pixel[609] = 0x0
[13995000] Flatten: Pixel[610] = 0x0
[14005000] Flatten: Pixel[611] = 0x0
[14015000] Flatten: Pixel[612] = 0x0
[14025000] Flatten: Pixel[613] = 0x0
[14035000] Flatten: Pixel[614] = 0x0
[14045000] Flatten: Pixel[615] = 0x0
[14055000] Flatten: Pixel[616] = 0x808
[14065000] Flatten: Pixel[617] = 0x505
[14075000] Flatten: Pixel[618] = 0x0
[14085000] Flatten: Pixel[619] = 0x0
[14095000] Flatten: Pixel[620] = 0x0
[14105000] Flatten: Pixel[621] = 0x0
[14115000] Flatten: Pixel[622] = 0x0
[14125000] Flatten: Pixel[623] = 0x0
[14135000] Flatten: Pixel[624] = 0x0
[14145000] Flatten: Pixel[625] = 0x0
[14155000] Flatten: Pixel[626] = 0x0
[14165000] Flatten: Pixel[627] = 0x0
[14175000] Flatten: Pixel[628] = 0x1616
[14185000] Flatten: Pixel[629] = 0x65e6
[14195000] Flatten: Pixel[630] = 0x7a7a
[14205000] Flatten: Pixel[631] = 0x3d3d
[14215000] Flatten: Pixel[632] = 0x586
[14225000] Flatten: Pixel[633] = 0x0
[14235000] Flatten: Pixel[634] = 0x0
[14245000] Flatten: Pixel[635] = 0x0
[14255000] Flatten: Pixel[636] = 0x0
[14265000] Flatten: Pixel[637] = 0x0
[14275000] Flatten: Pixel[638] = 0x0
[14285000] Flatten: Pixel[639] = 0x0
[14295000] Flatten: Pixel[640] = 0x0
[14305000] Flatten: Pixel[641] = 0x0
[14315000] Flatten: Pixel[642] = 0x0
[14325000] Flatten: Pixel[643] = 0x0
[14335000] Flatten: Pixel[644] = 0x808
[14345000] Flatten: Pixel[645] = 0x505
[14355000] Flatten: Pixel[646] = 0x0
[14365000] Flatten: Pixel[647] = 0x0
[14375000] Flatten: Pixel[648] = 0x0
[14385000] Flatten: Pixel[649] = 0x0
[14395000] Flatten: Pixel[650] = 0x0
[14405000] Flatten: Pixel[651] = 0x0
[14415000] Flatten: Pixel[652] = 0x0
[14425000] Flatten: Pixel[653] = 0x0
[14435000] Flatten: Pixel[654] = 0x0
[14445000] Flatten: Pixel[655] = 0x606
[14455000] Flatten: Pixel[656] = 0x4141
[14465000] Flatten: Pixel[657] = 0x7c7c
[14475000] Flatten: Pixel[658] = 0x77f8
[14485000] Flatten: Pixel[659] = 0x2121
[14495000] Flatten: Pixel[660] = 0x0
[14505000] Flatten: Pixel[661] = 0x0
[14515000] Flatten: Pixel[662] = 0x0
[14525000] Flatten: Pixel[663] = 0x0
[14535000] Flatten: Pixel[664] = 0x0
[14545000] Flatten: Pixel[665] = 0x0
[14555000] Flatten: Pixel[666] = 0x0
[14565000] Flatten: Pixel[667] = 0x0
[14575000] Flatten: Pixel[668] = 0x0
[14585000] Flatten: Pixel[669] = 0x0
[14595000] Flatten: Pixel[670] = 0x0
[14605000] Flatten: Pixel[671] = 0x0
[14615000] Flatten: Pixel[672] = 0x808
[14625000] Flatten: Pixel[673] = 0x505
[14635000] Flatten: Pixel[674] = 0x0
[14645000] Flatten: Pixel[675] = 0x0
[14655000] Flatten: Pixel[676] = 0x0
[14665000] Flatten: Pixel[677] = 0x0
[14675000] Flatten: Pixel[678] = 0x0
[14685000] Flatten: Pixel[679] = 0x0
[14695000] Flatten: Pixel[680] = 0x0
[14705000] Flatten: Pixel[681] = 0x0
[14715000] Flatten: Pixel[682] = 0x182
[14725000] Flatten: Pixel[683] = 0x21a2
[14735000] Flatten: Pixel[684] = 0x6f6f
[14745000] Flatten: Pixel[685] = 0x7ffd
[14755000] Flatten: Pixel[686] = 0x76f7
[14765000] Flatten: Pixel[687] = 0x1e9f
[14775000] Flatten: Pixel[688] = 0x81
[14785000] Flatten: Pixel[689] = 0x0
[14795000] Flatten: Pixel[690] = 0x0
[14805000] Flatten: Pixel[691] = 0x0
[14815000] Flatten: Pixel[692] = 0x0
[14825000] Flatten: Pixel[693] = 0x0
[14835000] Flatten: Pixel[694] = 0x0
[14845000] Flatten: Pixel[695] = 0x0
[14855000] Flatten: Pixel[696] = 0x0
[14865000] Flatten: Pixel[697] = 0x0
[14875000] Flatten: Pixel[698] = 0x0
[14885000] Flatten: Pixel[699] = 0x0
[14895000] Flatten: Pixel[700] = 0x808
[14905000] Flatten: Pixel[701] = 0x485
[14915000] Flatten: Pixel[702] = 0x0
[14925000] Flatten: Pixel[703] = 0x0
[14935000] Flatten: Pixel[704] = 0x0
[14945000] Flatten: Pixel[705] = 0x0
[14955000] Flatten: Pixel[706] = 0x0
[14965000] Flatten: Pixel[707] = 0x0
[14975000] Flatten: Pixel[708] = 0x0
[14985000] Flatten: Pixel[709] = 0x0
[14995000] Flatten: Pixel[710] = 0x404
[15005000] Flatten: Pixel[711] = 0x3b3b
[15015000] Flatten: Pixel[712] = 0x7b7b
[15025000] Flatten: Pixel[713] = 0x7eff
[15035000] Flatten: Pixel[714] = 0x6464
[15045000] Flatten: Pixel[715] = 0x1818
[15055000] Flatten: Pixel[716] = 0x0
[15065000] Flatten: Pixel[717] = 0x0
[15075000] Flatten: Pixel[718] = 0x0
[15085000] Flatten: Pixel[719] = 0x0
[15095000] Flatten: Pixel[720] = 0x0
[15105000] Flatten: Pixel[721] = 0x0
[15115000] Flatten: Pixel[722] = 0x0
[15125000] Flatten: Pixel[723] = 0x0
[15135000] Flatten: Pixel[724] = 0x0
[15145000] Flatten: Pixel[725] = 0x0
[15155000] Flatten: Pixel[726] = 0x0
[15165000] Flatten: Pixel[727] = 0x0
[15175000] Flatten: Pixel[728] = 0x808
[15185000] Flatten: Pixel[729] = 0x505
[15195000] Flatten: Pixel[730] = 0x0
[15205000] Flatten: Pixel[731] = 0x0
[15215000] Flatten: Pixel[732] = 0x0
[15225000] Flatten: Pixel[733] = 0x0
[15235000] Flatten: Pixel[734] = 0x0
[15245000] Flatten: Pixel[735] = 0x0
[15255000] Flatten: Pixel[736] = 0x0
[15265000] Flatten: Pixel[737] = 0x0
[15275000] Flatten: Pixel[738] = 0x485
[15285000] Flatten: Pixel[739] = 0x3abb
[15295000] Flatten: Pixel[740] = 0x72f3
[15305000] Flatten: Pixel[741] = 0x5edf
[15315000] Flatten: Pixel[742] = 0x1616
[15325000] Flatten: Pixel[743] = 0x283
[15335000] Flatten: Pixel[744] = 0x0
[15345000] Flatten: Pixel[745] = 0x0
[15355000] Flatten: Pixel[746] = 0x0
[15365000] Flatten: Pixel[747] = 0x0
[15375000] Flatten: Pixel[748] = 0x0
[15385000] Flatten: Pixel[749] = 0x0
[15395000] Flatten: Pixel[750] = 0x0
[15405000] Flatten: Pixel[751] = 0x0
[15415000] Flatten: Pixel[752] = 0x0
[15425000] Flatten: Pixel[753] = 0x0
[15435000] Flatten: Pixel[754] = 0x0
[15445000] Flatten: Pixel[755] = 0x0
[15455000] Flatten: Pixel[756] = 0x808
[15465000] Flatten: Pixel[757] = 0x505
[15475000] Flatten: Pixel[758] = 0x0
[15485000] Flatten: Pixel[759] = 0x0
[15495000] Flatten: Pixel[760] = 0x0
[15505000] Flatten: Pixel[761] = 0x0
[15515000] Flatten: Pixel[762] = 0x0
[15525000] Flatten: Pixel[763] = 0x0
[15535000] Flatten: Pixel[764] = 0x0
[15545000] Flatten: Pixel[765] = 0x0
[15555000] Flatten: Pixel[766] = 0x81
[15565000] Flatten: Pixel[767] = 0x889
[15575000] Flatten: Pixel[768] = 0x1111
[15585000] Flatten: Pixel[769] = 0xd0d
[15595000] Flatten: Pixel[770] = 0x81
[15605000] Flatten: Pixel[771] = 0x0
[15615000] Flatten: Pixel[772] = 0x0
[15625000] Flatten: Pixel[773] = 0x0
[15635000] Flatten: Pixel[774] = 0x0
[15645000] Flatten: Pixel[775] = 0x0
[15655000] Flatten: Pixel[776] = 0x0
[15665000] Flatten: Pixel[777] = 0x0
[15675000] Flatten: Pixel[778] = 0x0
[15685000] Flatten: Pixel[779] = 0x0
[15695000] Flatten: Pixel[780] = 0x0
[15705000] Flatten: Pixel[781] = 0x0
[15715000] Flatten: Pixel[782] = 0x0
[15725000] Flatten: Pixel[783] = 0x0 (last pixel) -> DONE asserted
[23585000] FC1: Neuron[0] Output = 0xfe57
[23595000] ReLU: Input=-425, Output=0
FC2 in_data= 0
[31435000] FC1: Neuron[1] Output = 0x129
[31445000] ReLU: Input=297, Output=297
FC2 in_data= 297
[39285000] FC1: Neuron[2] Output = 0x268
[39295000] ReLU: Input=616, Output=616
FC2 in_data= 616
[47135000] FC1: Neuron[3] Output = 0xfef9
[47145000] ReLU: Input=-263, Output=0
FC2 in_data= 0
[54985000] FC1: Neuron[4] Output = 0xc6
[54995000] ReLU: Input=198, Output=198
FC2 in_data= 198
[62835000] FC1: Neuron[5] Output = 0xfdef
[62845000] ReLU: Input=-529, Output=0
FC2 in_data= 0
[70685000] FC1: Neuron[6] Output = 0xff72
[70695000] ReLU: Input=-142, Output=0
FC2 in_data= 0
[78535000] FC1: Neuron[7] Output = 0xff84
[78545000] ReLU: Input=-124, Output=0
FC2 in_data= 0
[86385000] FC1: Neuron[8] Output = 0xfee4
[86395000] ReLU: Input=-284, Output=0
FC2 in_data= 0
[94235000] FC1: Neuron[9] Output = 0x41
[94245000] ReLU: Input=65, Output=65
FC2 in_data= 65
[102085000] FC1: Neuron[10] Output = 0xd8
[102095000] ReLU: Input=216, Output=216
FC2 in_data= 216
[109935000] FC1: Neuron[11] Output = 0x199
[109945000] ReLU: Input=409, Output=409
FC2 in_data= 409
[117785000] FC1: Neuron[12] Output = 0x131
[117795000] ReLU: Input=305, Output=305
FC2 in_data= 305
[125635000] FC1: Neuron[13] Output = 0xfe21
[125645000] ReLU: Input=-479, Output=0
FC2 in_data= 0
[133485000] FC1: Neuron[14] Output = 0x16e
[133495000] ReLU: Input=366, Output=366
FC2 in_data= 366
[141335000] FC1: Neuron[15] Output = 0x280
[141345000] ReLU: Input=640, Output=640
FC2 in_data= 640
[149185000] FC1: Neuron[16] Output = 0x109
[149195000] ReLU: Input=265, Output=265
FC2 in_data= 265
[157035000] FC1: Neuron[17] Output = 0xfe0a
[157045000] ReLU: Input=-502, Output=0
FC2 in_data= 0
[164885000] FC1: Neuron[18] Output = 0xfe4b
[164895000] ReLU: Input=-437, Output=0
FC2 in_data= 0
[172735000] FC1: Neuron[19] Output = 0x136
[172745000] ReLU: Input=310, Output=310
FC2 in_data= 310
[180585000] FC1: Neuron[20] Output = 0xac
[180595000] ReLU: Input=172, Output=172
FC2 in_data= 172
[188435000] FC1: Neuron[21] Output = 0x2bb
[188445000] ReLU: Input=699, Output=699
FC2 in_data= 699
[196285000] FC1: Neuron[22] Output = 0x190
[196295000] ReLU: Input=400, Output=400
FC2 in_data= 400
[204135000] FC1: Neuron[23] Output = 0x251
[204145000] ReLU: Input=593, Output=593
FC2 in_data= 593
[211985000] FC1: Neuron[24] Output = 0xfd5c
[211995000] ReLU: Input=-676, Output=0
FC2 in_data= 0
[219835000] FC1: Neuron[25] Output = 0x5b
[219845000] ReLU: Input=91, Output=91
FC2 in_data= 91
[227685000] FC1: Neuron[26] Output = 0x5e
[227695000] ReLU: Input=94, Output=94
FC2 in_data= 94
[235535000] FC1: Neuron[27] Output = 0x2d
[235545000] ReLU: Input=45, Output=45
FC2 in_data= 45
[243385000] FC1: Neuron[28] Output = 0x18a
[243395000] ReLU: Input=394, Output=394
FC2 in_data= 394
[251235000] FC1: Neuron[29] Output = 0x45
[251245000] ReLU: Input=69, Output=69
FC2 in_data= 69
[259085000] FC1: Neuron[30] Output = 0x68
[259095000] ReLU: Input=104, Output=104
FC2 in_data= 104
[266935000] FC1: Neuron[31] Output = 0x4d
[266945000] ReLU: Input=77, Output=77
[266945000] FC1 done, starting FC2
[266955000] ReLU: Input=77, Output=77
FC2 in_data= 77
[267295000] FC2: Neuron[0] Output = 0xfffe
[267305000] Argmax: Init value = 0xfffe (index 0)
[267625000] FC2: Neuron[1] Output = 0xfffb
[267955000] FC2: Neuron[2] Output = 0xffff
[267965000] Argmax: New Max = 65535 at Index 2
[268285000] FC2: Neuron[3] Output = 0x1
[268295000] Argmax: New Max = 1 at Index 3
[268615000] FC2: Neuron[4] Output = 0xfff8
[268945000] FC2: Neuron[5] Output = 0x0
[269275000] FC2: Neuron[6] Output = 0xfffa
[269605000] FC2: Neuron[7] Output = 0x4
[269615000] Argmax: New Max = 4 at Index 7
[269935000] FC2: Neuron[8] Output = 0xfffd
[270265000] FC2: Neuron[9] Output = 0xffff
[270275000] Argmax DONE: Final Max = 4 at Index 7
[270275000] FC2 done, starting Argmax
Predicted Digit =  7 at T=270275000
[270285000] Argmax done, digit=7
Observation complete. Ending simulation.
$finish called at time : 273275 ns : File "C:/Users/anany/Downloads/da-408/da-408/loader.v" Line 39
